TN:
SF:config\db.js
FN:5,(anonymous_0)
FNF:1
FNH:1
FNDA:1,(anonymous_0)
DA:1,1
DA:2,1
DA:3,1
DA:5,1
DA:6,1
DA:7,1
DA:8,1
DA:10,0
DA:11,0
DA:12,0
DA:16,1
LF:11
LH:8
BRF:0
BRH:0
end_of_record
TN:
SF:config\logger.js
FN:7,(anonymous_0)
FNF:1
FNH:1
FNDA:26,(anonymous_0)
DA:1,1
DA:2,1
DA:4,1
DA:7,26
DA:9,1
DA:17,1
DA:34,1
DA:45,1
LF:8
LH:8
BRF:0
BRH:0
end_of_record
TN:
SF:controllers\authController.js
FN:7,(anonymous_0)
FN:53,(anonymous_1)
FNF:2
FNH:2
FNDA:3,(anonymous_0)
FNDA:3,(anonymous_1)
DA:1,1
DA:2,1
DA:3,1
DA:4,1
DA:7,1
DA:8,3
DA:9,3
DA:10,0
DA:11,0
DA:14,3
DA:15,3
DA:16,3
DA:17,1
DA:20,2
DA:28,1
DA:34,1
DA:35,1
DA:44,1
DA:45,1
DA:53,1
DA:54,3
DA:57,3
DA:58,1
DA:59,1
DA:66,2
DA:68,2
DA:69,1
DA:70,1
DA:77,1
DA:83,1
DA:84,1
LF:31
LH:29
BRDA:9,0,0,0
BRDA:9,0,1,3
BRDA:16,1,0,1
BRDA:16,1,1,2
BRDA:57,2,0,1
BRDA:57,2,1,2
BRDA:57,3,0,3
BRDA:57,3,1,2
BRDA:68,4,0,1
BRDA:68,4,1,1
BRDA:68,5,0,2
BRDA:68,5,1,2
BRF:12
BRH:11
end_of_record
TN:
SF:models\Reservation.js
FNF:0
FNH:0
DA:1,1
DA:3,1
DA:18,1
LF:3
LH:3
BRF:0
BRH:0
end_of_record
TN:
SF:models\User.js
FN:18,(anonymous_0)
FN:25,(anonymous_1)
FNF:2
FNH:2
FNDA:22,(anonymous_0)
FNDA:2,(anonymous_1)
DA:1,1
DA:2,1
DA:4,1
DA:18,1
DA:19,22
DA:20,22
DA:21,22
DA:25,1
DA:26,2
DA:29,1
LF:10
LH:10
BRDA:19,0,0,0
BRDA:19,0,1,22
BRF:2
BRH:1
end_of_record
TN:
SF:routes\auth.js
FNF:0
FNH:0
DA:1,1
DA:2,1
DA:3,1
DA:6,1
DA:9,1
DA:11,1
LF:6
LH:6
BRF:0
BRH:0
end_of_record
TN:
SF:schema\index.js
FN:48,(anonymous_0)
FN:59,(anonymous_1)
FN:62,(anonymous_2)
FN:69,(anonymous_3)
FN:76,(anonymous_4)
FN:89,(anonymous_5)
FNF:6
FNH:6
FNDA:1,(anonymous_0)
FNDA:1,(anonymous_1)
FNDA:1,(anonymous_2)
FNDA:1,(anonymous_3)
FNDA:1,(anonymous_4)
FNDA:7,(anonymous_5)
DA:1,1
DA:2,1
DA:3,1
DA:4,1
DA:5,1
DA:6,1
DA:8,1
DA:46,1
DA:49,1
DA:50,1
DA:51,1
DA:52,1
DA:53,1
DA:54,1
DA:55,1
DA:57,1
DA:59,1
DA:63,1
DA:67,1
DA:70,1
DA:77,1
DA:86,1
DA:91,7
DA:94,7
DA:95,1
DA:96,1
DA:99,6
DA:101,6
DA:108,6
DA:109,6
DA:110,1
DA:113,5
DA:115,5
DA:117,1
DA:119,1
DA:124,1
LF:36
LH:36
BRDA:50,0,0,1
BRDA:50,0,1,0
BRDA:51,1,0,1
BRDA:51,1,1,0
BRDA:91,2,0,7
BRDA:91,2,1,1
BRDA:94,3,0,1
BRDA:94,3,1,6
BRDA:109,4,0,1
BRDA:109,4,1,5
BRF:10
BRH:8
end_of_record
